<?xml version="1.0" encoding="UTF-8"?>
<testsuite xmlns:xsi="http://www.w3.org/2001/XMLSchema-instance" xsi:noNamespaceSchemaLocation="https://maven.apache.org/surefire/maven-surefire-plugin/xsd/surefire-test-report-3.0.xsd" version="3.0" name="classroomTest" time="0.817" tests="8" errors="0" skipped="0" failures="0">
  <properties>
[...]
</properties>
  <testcase name="testNonteacherCreateClassroom" classname="classroomTest" time="0.069">
    <system-out><![CDATA[Only teachers can create classes.
]]></system-out>
  </testcase>
  <testcase name="testFetchClassList" classname="classroomTest" time="0.561">
    <system-out><![CDATA[Class created: Classroom Name (1234) by test
]]></system-out>
  </testcase>
  <testcase name="testCreateClassroom" classname="classroomTest" time="0.012">
    <system-out><![CDATA[Class created: Classroom Name (1234) by test
]]></system-out>
  </testcase>
  <testcase name="testJoinClassAlreadyPresent" classname="classroomTest" time="0.048">
    <system-out><![CDATA[Class created: Classroom Name (1234) by test
Student joined class Classroom Name
Student is already in class Classroom Name
]]></system-out>
  </testcase>
  <testcase name="testDuplicateCodeCreateClassroom" classname="classroomTest" time="0.017">
    <system-out><![CDATA[Class created: Classroom Name (1234) by test
A class with this code already exists.
]]></system-out>
  </testcase>
  <testcase name="testJoinClass" classname="classroomTest" time="0.03">
    <system-out><![CDATA[Class created: Classroom Name (1234) by test
Student joined class Classroom Name
]]></system-out>
  </testcase>
  <testcase name="testEmptyClassList" classname="classroomTest" time="0.004"/>
  <testcase name="testJoinClassBadCode" classname="classroomTest" time="0.019">
    <system-out><![CDATA[Class created: Classroom Name (1234) by test
]]></system-out>
  </testcase>
</testsuite>